--- Startup times for process: Primary/TUI ---

times in msec
 clock   self+sourced   self:  sourced script
 clock   elapsed:              other lines

000.000  000.000: --- NVIM STARTING ---
000.087  000.086: event init
000.220  000.133: early init
000.354  000.134: locale set
000.384  000.029: init first window
010.414  010.031: inits 1
010.423  000.009: window checked
010.426  000.003: parsing arguments
010.769  000.026  000.026: require('vim.shared')
010.823  000.026  000.026: require('vim.inspect')
010.854  000.024  000.024: require('vim._options')
010.855  000.084  000.034: require('vim._editor')
010.856  000.137  000.027: require('vim._init_packages')
010.858  000.295: init lua interpreter
011.151  000.293: --- NVIM STARTED ---

--- Startup times for process: Embedded ---

times in msec
 clock   self+sourced   self:  sourced script
 clock   elapsed:              other lines

000.000  000.000: --- NVIM STARTING ---
000.051  000.051: event init
000.148  000.097: early init
000.447  000.299: locale set
000.476  000.029: init first window
000.695  000.219: inits 1
000.708  000.013: window checked
000.711  000.003: parsing arguments
001.036  000.023  000.023: require('vim.shared')
001.088  000.025  000.025: require('vim.inspect')
001.119  000.023  000.023: require('vim._options')
001.120  000.081  000.033: require('vim._editor')
001.121  000.126  000.022: require('vim._init_packages')
001.122  000.285: init lua interpreter
002.609  001.487: expanding arguments
002.618  000.009: inits 2
002.801  000.183: init highlight
002.802  000.001: waiting for UI
002.889  000.088: done waiting for UI
002.893  000.004: clear screen
002.947  000.008  000.008: require('vim.keymap')
003.461  000.565  000.557: require('vim._defaults')
003.462  000.004: init default mappings & autocommands
003.877  000.041  000.041: sourcing /opt/homebrew/Cellar/neovim/0.10.3/share/nvim/runtime/ftplugin.vim
003.950  000.018  000.018: sourcing /opt/homebrew/Cellar/neovim/0.10.3/share/nvim/runtime/indent.vim
004.539  000.443  000.443: require('core.options')
005.064  000.469  000.469: require('lazy')
005.177  000.112  000.112: require('plugins.colortheme')
005.390  000.211  000.211: require('plugins.neotree')
005.483  000.092  000.092: require('plugins.bufferline')
005.589  000.105  000.105: require('plugins.lualine')
005.674  000.084  000.084: require('plugins.treesitter')
005.830  000.155  000.155: require('plugins.telescope')
005.992  000.160  000.160: require('plugins.lsp')
006.170  000.177  000.177: require('plugins.autocompletion')
006.265  000.094  000.094: require('plugins.autoformatting')
006.340  000.075  000.075: require('plugins.gitsigns')
006.895  000.470  000.470: require('Plugins.banners')
006.897  000.556  000.085: require('plugins.dashboard')
006.975  000.077  000.077: require('plugins.indent-blankline')
007.103  000.127  000.127: require('plugins.misc')
007.126  000.015  000.015: require('ffi')
007.239  000.093  000.093: require('vim.fs')
007.390  000.144  000.144: require('vim.uri')
007.401  000.273  000.036: require('vim.loader')
007.825  000.406  000.406: require('lazy.stats')
008.107  000.246  000.246: require('lazy.core.util')
008.279  000.171  000.171: require('lazy.core.config')
008.509  000.094  000.094: require('lazy.core.handler')
008.780  000.082  000.082: require('lazy.pkg')
008.783  000.172  000.089: require('lazy.core.meta')
008.787  000.277  000.106: require('lazy.core.plugin')
008.791  000.511  000.139: require('lazy.core.loader')
009.130  000.097  000.097: require('lazy.core.fragments')
011.997  000.175  000.175: require('lazy.core.handler.keys')
012.167  000.167  000.167: require('lazy.core.handler.event')
012.329  000.160  000.160: require('lazy.core.handler.ft')
012.476  000.145  000.145: require('lazy.core.handler.cmd')
013.548  000.207  000.207: sourcing /opt/homebrew/Cellar/neovim/0.10.3/share/nvim/runtime/filetype.lua
014.981  000.088  000.088: require('nord.named_colors')
014.986  000.386  000.299: require('nord.colors')
014.989  000.698  000.311: require('nord.theme')
014.990  000.792  000.095: require('nord.util')
015.100  000.109  000.109: require('bufferline.theme')
015.101  001.415  000.515: require('nord')
016.909  000.062  000.062: sourcing /Users/juandavidduquea/.local/share/nvim/lazy/vim-rhubarb/plugin/rhubarb.vim
017.181  000.053  000.053: sourcing /Users/juandavidduquea/.local/share/nvim/lazy/which-key.nvim/plugin/which-key.lua
017.613  000.261  000.261: require('which-key')
017.722  000.108  000.108: require('which-key.config')
018.976  000.113  000.113: require('noice.util.lazy')
018.979  000.736  000.622: require('noice')
019.262  000.162  000.162: require('vim.health')
019.491  000.122  000.122: require('noice.util.call')
019.495  000.231  000.109: require('noice.util')
019.498  000.517  000.124: require('noice.health')
019.620  000.111  000.111: require('noice.config')
020.298  000.542  000.542: sourcing /Users/juandavidduquea/.local/share/nvim/lazy/vim-fugitive/plugin/fugitive.vim
020.424  000.007  000.007: sourcing /Users/juandavidduquea/.local/share/nvim/lazy/vim-fugitive/ftdetect/fugitive.vim
021.337  000.190  000.190: require('nvim-ts-autotag._log')
021.455  000.117  000.117: require('nvim-ts-autotag.config.init')
022.455  000.242  000.242: require('vim.treesitter.language')
022.600  000.144  000.144: require('vim.func')
022.743  000.136  000.136: require('vim.func._memoize')
022.820  000.744  000.223: require('vim.treesitter.query')
022.942  000.122  000.122: require('vim.treesitter._range')
022.987  001.033  000.166: require('vim.treesitter.languagetree')
022.991  001.158  000.125: require('vim.treesitter')
023.001  001.259  000.101: require('nvim-ts-autotag.utils')
023.006  001.418  000.159: require('nvim-ts-autotag.config.ft')
023.007  001.552  000.134: require('nvim-ts-autotag.config.plugin')
023.012  001.994  000.135: require('nvim-ts-autotag.internal')
023.013  002.278  000.284: require('nvim-ts-autotag')
023.717  000.079  000.079: require('nvim-treesitter.utils')
024.507  000.790  000.790: require('nvim-treesitter.parsers')
024.924  000.080  000.080: require('nvim-treesitter.compat')
025.088  000.085  000.085: require('nvim-treesitter.ts_utils')
025.091  000.165  000.080: require('nvim-treesitter.tsrange')
025.162  000.071  000.071: require('nvim-treesitter.caching')
025.167  000.423  000.107: require('nvim-treesitter.query')
025.175  000.545  000.122: require('nvim-treesitter.configs')
025.176  000.668  000.122: require('nvim-treesitter.info')
025.265  000.088  000.088: require('nvim-treesitter.shell_command_selectors')
025.278  001.736  000.111: require('nvim-treesitter.install')
025.349  000.070  000.070: require('nvim-treesitter.statusline')
025.445  000.096  000.096: require('nvim-treesitter.query_predicates')
025.447  002.097  000.196: require('nvim-treesitter')
025.760  002.448  000.351: sourcing /Users/juandavidduquea/.local/share/nvim/lazy/nvim-treesitter/plugin/nvim-treesitter.lua
027.813  000.160  000.160: require('nvim-treesitter.highlight')
027.978  000.087  000.087: require('nvim-treesitter.indent')
027.984  004.970  002.275: require('nvim-treesitter')
028.023  007.339  000.090: sourcing /Users/juandavidduquea/.local/share/nvim/lazy/nvim-ts-autotag/plugin/nvim-ts-autotag.lua
028.564  000.244  000.244: sourcing /Users/juandavidduquea/.local/share/nvim/lazy/vim-sleuth/plugin/sleuth.vim
029.971  000.109  000.109: require('luasnip.util.types')
030.051  000.078  000.078: require('luasnip.util.lazy_table')
030.149  000.097  000.097: require('luasnip.extras.filetype_functions')
030.160  000.407  000.123: require('luasnip.default_config')
030.161  000.515  000.108: require('luasnip.session')
030.167  000.659  000.144: require('luasnip.util.util')
030.466  000.178  000.178: require('luasnip.util.path')
030.717  000.113  000.113: require('luasnip.session.snippet_collection.source')
030.815  000.097  000.097: require('luasnip.util.table')
030.893  000.077  000.077: require('luasnip.util.auto_table')
030.901  000.434  000.147: require('luasnip.session.snippet_collection')
031.068  000.167  000.167: require('luasnip.util.log')
031.072  000.905  000.126: require('luasnip.loaders.util')
031.336  000.261  000.261: require('luasnip.loaders.fs_watchers')
031.448  000.004  000.004: require('vim.F')
031.451  000.115  000.110: require('luasnip.loaders.data')
031.530  000.078  000.078: require('luasnip.session.enqueueable_operations')
032.535  000.273  000.273: require('luasnip.util.ext_opts')
032.659  000.122  000.122: require('luasnip.nodes.key_indexer')
032.765  000.105  000.105: require('luasnip.util.feedkeys')
032.768  000.756  000.256: require('luasnip.nodes.util')
032.832  000.063  000.063: require('luasnip.util.events')
032.838  001.067  000.248: require('luasnip.nodes.node')
032.998  000.065  000.065: require('luasnip.util.extend_decorator')
033.004  000.165  000.099: require('luasnip.nodes.insertNode')
033.101  000.097  000.097: require('luasnip.nodes.textNode')
033.217  000.075  000.075: require('luasnip.util.mark')
033.422  000.066  000.066: require('luasnip.util.select')
033.485  000.061  000.061: require('luasnip.util.time')
033.636  000.352  000.225: require('luasnip.util._builtin_vars')
033.760  000.542  000.190: require('luasnip.util.environ')
033.840  000.079  000.079: require('luasnip.util.pattern_tokenizer')
033.906  000.065  000.065: require('luasnip.util.dict')
035.835  001.827  001.827: require('luasnip.util.jsregexp')
035.838  001.931  000.104: require('luasnip.nodes.util.trig_engines')
035.856  004.207  000.187: require('luasnip.nodes.snippet')
036.081  000.071  000.071: require('luasnip.util.parser.neovim_ast')
036.149  000.067  000.067: require('luasnip.util.str')
037.001  000.850  000.850: require('luasnip.util.jsregexp')
037.110  000.107  000.107: require('luasnip.util.directed_graph')
037.113  001.175  000.080: require('luasnip.util.parser.ast_utils')
037.226  000.111  000.111: require('luasnip.nodes.functionNode')
037.329  000.102  000.102: require('luasnip.nodes.choiceNode')
037.413  000.083  000.083: require('luasnip.nodes.dynamicNode')
037.482  000.068  000.068: require('luasnip.util.functions')
037.485  001.628  000.089: require('luasnip.util.parser.ast_parser')
037.606  000.120  000.120: require('luasnip.util.parser.neovim_parser')
037.609  006.078  000.123: require('luasnip.util.parser')
037.679  000.068  000.068: require('luasnip.nodes.snippetProxy')
037.789  000.108  000.108: require('luasnip.util.jsonc')
037.928  000.069  000.069: require('luasnip.nodes.duplicate')
037.929  000.139  000.070: require('luasnip.loaders.snippet_cache')
037.932  008.917  000.507: require('luasnip.loaders.from_vscode')
041.044  000.102  000.102: require('luasnip.nodes.multiSnippet')
042.699  000.684  000.684: require('vim.filetype')
043.069  000.133  000.133: require('luasnip.config')
043.489  000.217  000.217: require('luasnip.loaders')
043.514  000.436  000.218: require('luasnip')
043.539  001.570  000.319: sourcing /Users/juandavidduquea/.local/share/nvim/lazy/LuaSnip/plugin/luasnip.lua
043.629  000.023  000.023: sourcing /Users/juandavidduquea/.local/share/nvim/lazy/LuaSnip/plugin/luasnip.vim
044.720  000.128  000.128: require('cmp.utils.api')
044.889  000.080  000.080: require('cmp.types.cmp')
045.094  000.111  000.111: require('cmp.utils.misc')
045.135  000.244  000.133: require('cmp.types.lsp')
045.210  000.075  000.075: require('cmp.types.vim')
045.212  000.490  000.090: require('cmp.types')
045.292  000.079  000.079: require('cmp.utils.highlight')
045.451  000.079  000.079: require('cmp.utils.debug')
045.455  000.162  000.083: require('cmp.utils.autocmd')
045.691  001.160  000.301: sourcing /Users/juandavidduquea/.local/share/nvim/lazy/nvim-cmp/plugin/cmp.lua
046.182  000.118  000.118: require('cmp.utils.char')
046.187  000.234  000.116: require('cmp.utils.str')
046.436  000.083  000.083: require('cmp.utils.buffer')
046.442  000.181  000.098: require('cmp.utils.keymap')
046.443  000.256  000.075: require('cmp.utils.feedkeys')
046.719  000.089  000.089: require('cmp.config.mapping')
046.788  000.068  000.068: require('cmp.utils.cache')
046.979  000.112  000.112: require('cmp.config.compare')
046.980  000.191  000.079: require('cmp.config.default')
046.993  000.460  000.112: require('cmp.config')
047.000  000.556  000.097: require('cmp.utils.async')
047.150  000.071  000.071: require('cmp.utils.pattern')
047.153  000.151  000.081: require('cmp.context')
047.884  000.485  000.485: require('cmp.utils.snippet')
048.013  000.128  000.128: require('cmp.matcher')
048.048  000.807  000.194: require('cmp.entry')
048.058  000.905  000.098: require('cmp.source')
048.404  000.162  000.162: require('cmp.utils.event')
048.684  000.065  000.065: require('cmp.utils.options')
048.687  000.177  000.112: require('cmp.utils.window')
048.688  000.283  000.107: require('cmp.view.docs_view')
048.782  000.093  000.093: require('cmp.view.custom_entries_view')
048.897  000.114  000.114: require('cmp.view.wildmenu_entries_view')
048.970  000.072  000.072: require('cmp.view.native_entries_view')
049.052  000.081  000.081: require('cmp.view.ghost_text_view')
049.057  000.997  000.192: require('cmp.view')
049.319  003.499  000.399: require('cmp.core')
049.456  000.073  000.073: require('cmp.config.sources')
049.521  000.064  000.064: require('cmp.config.window')
049.547  003.842  000.206: require('cmp')
051.261  000.078  000.078: require('null-ls.utils.tbl_flatten')
051.279  000.193  000.115: require('null-ls.utils')
051.436  000.155  000.155: require('vim.diagnostic')
051.448  000.454  000.106: require('null-ls.config')
051.592  000.070  000.070: require('null-ls.helpers.cache')
051.660  000.067  000.067: require('null-ls.helpers.check_exit_code')
051.739  000.077  000.077: require('null-ls.helpers.diagnostics')
051.811  000.072  000.072: require('null-ls.helpers.formatter_factory')
051.962  000.067  000.067: require('null-ls.logger')
052.036  000.073  000.073: require('null-ls.state')
052.038  000.225  000.085: require('null-ls.helpers.generator_factory')
052.177  000.070  000.070: require('null-ls.helpers.command_resolver')
052.179  000.140  000.071: require('null-ls.helpers.make_builtin')
052.246  000.066  000.066: require('null-ls.helpers.range_formatting_args_factory')
052.247  000.798  000.080: require('null-ls.helpers')
052.504  000.076  000.076: require('null-ls.methods')
052.506  000.146  000.070: require('null-ls.diagnostics')
052.510  000.262  000.117: require('null-ls.sources')
052.578  000.066  000.066: require('null-ls.builtins')
052.579  001.866  000.285: require('null-ls')
053.179  000.067  000.067: require('mason-core.path')
053.360  000.107  000.107: require('mason-core.functional')
053.497  000.062  000.062: require('mason-core.functional.data')
053.499  000.129  000.067: require('mason-core.functional.function')
053.600  000.069  000.069: require('mason-core.functional.relation')
053.669  000.065  000.065: require('mason-core.functional.logic')
053.675  000.495  000.125: require('mason-core.platform')
053.750  000.074  000.074: require('mason.settings')
053.751  000.896  000.260: require('mason')
053.961  000.097  000.097: require('mason-core.functional.list')
054.029  000.067  000.067: require('mason-core.functional.string')
054.041  000.260  000.097: require('mason.api.command')
054.120  000.074  000.074: require('mason-registry.sources')
054.206  001.552  000.321: require('mason-core.log')
054.272  000.065  000.065: require('mason-null-ls.automatic_setup')
054.274  001.694  000.076: require('mason-null-ls')
054.341  000.067  000.067: require('mason-null-ls.settings')
054.548  000.065  000.065: require('mason-core.EventEmitter')
054.613  000.065  000.065: require('mason-core.optional')
054.752  000.072  000.072: require('mason-core.async')
054.813  000.059  000.059: require('mason-core.async.uv')
054.817  000.202  000.070: require('mason-core.fs')
054.824  000.409  000.077: require('mason-registry')
054.825  000.477  000.068: require('mason-null-ls.ensure_installed')
054.965  000.067  000.067: require('mason-core.result')
055.225  000.127  000.127: require('mason-core.process')
055.332  000.106  000.106: require('mason-core.spawn')
055.333  000.300  000.068: require('mason-core.managers.powershell')
055.400  000.066  000.066: require('mason.version')
055.402  000.436  000.070: require('mason-core.fetch')
055.467  000.064  000.064: require('mason-core.providers')
055.743  000.065  000.065: require('mason-core.functional.table')
055.789  000.183  000.118: require('mason-core.purl')
055.795  000.265  000.082: require('mason-core.package')
056.028  000.071  000.071: require('mason-core.installer.registry.expr')
056.033  000.155  000.083: require('mason-core.installer.registry.link')
056.402  000.072  000.072: require('mason-core.receipt')
056.413  000.159  000.087: require('mason-core.installer.context')
056.485  000.072  000.072: require('mason-core.async.control')
056.553  000.067  000.067: require('mason-core.installer.linker')
056.556  000.376  000.079: require('mason-core.installer')
056.564  000.461  000.084: require('mason-core.installer.managers.std')
056.565  000.531  000.070: require('mason-core.installer.registry.schemas')
056.676  000.071  000.071: require('mason-core.installer.registry.util')
056.681  000.885  000.129: require('mason-core.installer.registry')
056.682  001.214  000.064: require('mason-registry.sources.util')
056.686  001.858  000.076: require('mason-registry.sources.github')
060.191  000.129  000.129: require('mason-null-ls.automatic_installation')
060.371  000.077  000.077: require('mason-core.notify')
060.447  000.074  000.074: require('mason-core.functional.number')
060.465  000.268  000.117: require('mason-null-ls.api.command')
060.602  000.136  000.136: require('null-ls.builtins.diagnostics.checkmake')
060.747  000.143  000.143: require('null-ls.builtins.formatting.prettier')
060.846  000.092  000.092: require('null-ls.builtins.formatting.stylua')
061.072  000.224  000.224: require('null-ls.builtins.formatting.shfmt')
061.246  000.166  000.166: require('null-ls.builtins.formatting.terraform_fmt')
061.346  000.099  000.099: require('none-ls.formatting.ruff')
061.470  000.105  000.105: require('none-ls.formatting.ruff_format')
062.090  000.090  000.090: require('null-ls.loop')
062.336  000.099  000.099: require('vim.lsp.log')
062.783  000.445  000.445: require('vim.lsp.protocol')
063.203  000.248  000.248: require('vim.lsp._snippet_grammar')
063.302  000.096  000.096: require('vim.highlight')
063.320  000.535  000.191: require('vim.lsp.util')
063.530  000.108  000.108: require('vim.lsp.sync')
063.536  000.215  000.107: require('vim.lsp._changetracking')
063.697  000.159  000.159: require('vim.lsp.rpc')
063.751  001.659  000.205: require('vim.lsp')
063.757  001.868  000.119: require('null-ls.client')
064.509  000.102  000.102: require('Comment.config')
064.786  000.175  000.175: require('Comment.ft')
064.791  000.281  000.106: require('Comment.utils')
064.894  000.099  000.099: require('Comment.opfunc')
064.984  000.089  000.089: require('Comment.extra')
064.986  001.009  000.438: require('Comment.api')
065.032  001.104  000.095: sourcing /Users/juandavidduquea/.local/share/nvim/lazy/Comment.nvim/plugin/Comment.lua
065.157  000.087  000.087: require('Comment')
066.559  000.443  000.443: require('mason-tool-installer')
066.573  000.566  000.124: sourcing /Users/juandavidduquea/.local/share/nvim/lazy/mason-tool-installer.nvim/plugin/mason-tool-installer.lua
067.451  000.116  000.116: require('fidget.spinner.patterns')
067.453  000.210  000.095: require('fidget.spinner')
067.538  000.083  000.083: require('fidget.options')
067.553  000.417  000.124: require('fidget.progress.display')
067.871  000.209  000.209: require('fidget.logger')
068.161  000.287  000.287: require('vim.lsp.handlers')
068.202  000.648  000.152: require('fidget.progress.lsp')
069.458  000.186  000.186: require('fidget.poll')
069.463  000.497  000.311: require('fidget.notification.model')
069.656  000.192  000.192: require('fidget.notification.window')
069.816  000.158  000.158: require('fidget.notification.view')
069.835  001.338  000.491: require('fidget.notification')
069.838  001.635  000.297: require('fidget.progress.handle')
069.845  002.816  000.116: require('fidget.progress')
070.045  000.198  000.198: require('fidget.commands')
070.233  000.090  000.090: require('fidget.integration.nvim-tree')
070.332  000.098  000.098: require('fidget.integration.xcodebuild-nvim')
070.337  000.290  000.102: require('fidget.integration')
070.341  003.663  000.359: require('fidget')
072.167  000.483  000.483: require('lspconfig.util')
072.198  001.094  000.611: sourcing /Users/juandavidduquea/.local/share/nvim/lazy/nvim-lspconfig/plugin/lspconfig.lua
072.747  000.311  000.311: require('cmp_nvim_lsp.source')
072.751  000.453  000.142: require('cmp_nvim_lsp')
073.462  000.203  000.203: require('lspconfig.async')
073.464  000.376  000.173: require('lspconfig.configs')
073.476  000.545  000.169: require('lspconfig')
073.999  000.184  000.184: require('mason-lspconfig.settings')
074.005  000.374  000.190: require('mason-lspconfig')
074.215  000.209  000.209: require('mason-null-ls.mappings.source')
075.005  000.126  000.126: require('mason-lspconfig.notify')
075.012  000.323  000.197: require('mason-lspconfig.lspconfig_hook')
075.239  000.226  000.226: require('mason-lspconfig.mappings.server')
075.593  000.350  000.350: require('mason-lspconfig.server_config_extensions')
075.702  000.108  000.108: require('lspconfig.configs.omnisharp')
075.992  000.121  000.121: require('mason-lspconfig.api.command')
076.212  000.077  000.077: require('lspconfig.configs.ruff')
076.686  000.090  000.090: require('lspconfig.manager')
076.771  000.078  000.078: require('lspconfig.configs.ts_ls')
077.276  000.076  000.076: require('lspconfig.configs.dockerls')
077.844  000.119  000.119: require('lspconfig.configs.sqlls')
078.322  000.092  000.092: require('lspconfig.configs.terraformls')
078.813  000.090  000.090: require('lspconfig.configs.tailwindcss')
079.219  000.087  000.087: require('lspconfig.configs.lua_ls')
079.570  000.078  000.078: require('lspconfig.configs.yamlls')
079.919  000.115  000.115: require('lspconfig.configs.jsonls')
080.292  000.082  000.082: require('lspconfig.configs.pylsp')
080.475  000.081  000.081: require('mason-lspconfig.server_configurations.pylsp')
080.744  000.086  000.086: require('lspconfig.configs.html')
081.061  000.075  000.075: require('lspconfig.configs.cssls')
082.099  000.122  000.122: require('ibl.utils')
082.103  000.217  000.095: require('ibl.config')
082.258  000.072  000.072: require('ibl.indent')
082.261  000.158  000.085: require('ibl.hooks')
082.263  000.456  000.081: require('ibl.highlights')
082.336  000.072  000.072: require('ibl.autocmds')
082.441  000.104  000.104: require('ibl.inlay_hints')
082.521  000.080  000.080: require('ibl.virt_text')
082.735  000.145  000.145: require('ibl.scope_languages')
082.736  000.213  000.068: require('ibl.scope')
082.739  001.341  000.416: require('ibl')
082.872  000.097  000.097: require('vim.iter')
083.554  000.024  000.024: sourcing /Users/juandavidduquea/.local/share/nvim/lazy/plenary.nvim/plugin/plenary.vim
083.883  000.024  000.024: sourcing /Users/juandavidduquea/.local/share/nvim/lazy/nvim-web-devicons/plugin/nvim-web-devicons.vim
084.918  000.071  000.071: require('window-picker.util')
084.921  000.158  000.087: require('window-picker.filters.default-window-filter')
084.993  000.071  000.071: require('window-picker.pickers.window-picker')
085.161  000.079  000.079: require('window-picker.hints.statusline-hint')
085.164  000.170  000.091: require('window-picker.hints.statusline-winbar-hint')
085.243  000.078  000.078: require('window-picker.configurer')
085.244  000.565  000.088: require('window-picker.builder')
085.321  000.075  000.075: require('window-picker.config')
085.323  001.132  000.491: require('window-picker')
085.515  000.020  000.020: sourcing /Users/juandavidduquea/.local/share/nvim/lazy/neo-tree.nvim/plugin/neo-tree.vim
086.023  000.198  000.198: require('neo-tree.log')
086.103  000.079  000.079: require('neo-tree.utils.filesize.filesize')
086.116  000.411  000.134: require('neo-tree.utils')
086.117  000.525  000.114: require('neo-tree')
086.360  000.130  000.130: require('neo-tree.defaults')
086.481  000.120  000.120: require('neo-tree.setup.mapping-helper')
086.718  000.073  000.073: require('neo-tree.collections')
086.720  000.153  000.080: require('neo-tree.events.queue')
086.722  000.239  000.086: require('neo-tree.events')
086.980  000.080  000.080: require('plenary.bit')
087.055  000.074  000.074: require('plenary.functional')
087.087  000.286  000.133: require('plenary.path')
087.164  000.073  000.073: require('neo-tree.sources.filesystem.lib.globtopattern')
087.167  000.444  000.084: require('neo-tree.sources.common.file-nesting')
087.266  000.099  000.099: require('neo-tree.ui.highlights')
087.761  000.078  000.078: require('nui.object')
087.991  000.082  000.082: require('vim.version')
088.780  000.950  000.868: require('nui.utils')
088.788  001.025  000.075: require('nui.text')
088.814  001.203  000.099: require('nui.line')
089.070  000.085  000.085: require('nui.tree.util')
089.076  000.260  000.175: require('nui.tree')
089.318  000.101  000.101: require('nui.utils.buf_storage')
089.433  000.114  000.114: require('nui.utils.autocmd')
089.516  000.082  000.082: require('nui.utils.keymap')
089.658  000.072  000.072: require('nui.layout.utils')
089.659  000.143  000.071: require('nui.split.utils')
089.666  000.572  000.133: require('nui.split')
089.904  000.161  000.161: require('nui.popup.border')
089.914  000.247  000.086: require('nui.popup')
089.991  000.076  000.076: require('neo-tree.ui.popups')
090.059  000.067  000.067: require('neo-tree.ui.windows')
090.069  002.578  000.153: require('neo-tree.ui.renderer')
090.341  000.070  000.070: require('plenary.compat')
090.345  000.159  000.089: require('plenary.job')
090.348  000.278  000.119: require('neo-tree.sources.filesystem.lib.filter_external')
090.422  000.073  000.073: require('neo-tree.sources.common.file-items')
090.742  000.066  000.066: require('neo-tree.git.utils')
090.743  000.147  000.081: require('neo-tree.git.status')
090.813  000.069  000.069: require('neo-tree.git.ignored')
090.815  000.321  000.104: require('neo-tree.git')
090.819  000.396  000.075: require('neo-tree.sources.filesystem.lib.fs_watch')
091.142  000.063  000.063: require('plenary.tbl')
091.144  000.131  000.068: require('plenary.vararg.rotate')
091.145  000.197  000.065: require('plenary.vararg')
091.211  000.065  000.065: require('plenary.errors')
091.213  000.328  000.066: require('plenary.async.async')
091.491  000.066  000.066: require('plenary.async.structs')
091.494  000.143  000.077: require('plenary.async.control')
091.498  000.215  000.072: require('plenary.async.util')
091.499  000.285  000.070: require('plenary.async.tests')
091.500  000.681  000.068: require('plenary.async')
091.505  004.144  000.138: require('neo-tree.sources.filesystem.lib.fs_scan')
091.669  000.090  000.090: require('nui.input')
091.671  000.165  000.075: require('neo-tree.ui.inputs')
091.679  004.411  000.103: require('neo-tree.sources.manager')
091.894  000.071  000.071: require('neo-tree.command.parser')
091.964  000.069  000.069: require('neo-tree.command.completion')
091.966  000.216  000.075: require('neo-tree.command')
091.967  000.287  000.072: require('neo-tree.setup.netrw')
092.033  000.066  000.066: require('neo-tree.sources.common.hijack_cursor')
092.037  005.913  000.116: require('neo-tree.setup')
092.861  000.080  000.080: require('neo-tree.setup.deprecations')
094.953  000.118  000.118: require('neo-tree.sources.filesystem')
095.110  000.073  000.073: require('neo-tree.sources.buffers.lib.items')
095.112  000.157  000.084: require('neo-tree.sources.buffers')
095.251  000.066  000.066: require('neo-tree.sources.git_status.lib.items')
095.253  000.139  000.073: require('neo-tree.sources.git_status')
095.686  000.103  000.103: require('neo-tree.sources.common.container')
095.690  000.191  000.088: require('neo-tree.sources.common.components')
095.716  000.290  000.099: require('neo-tree.sources.filesystem.components')
096.961  000.887  000.887: require('plenary.scandir')
097.071  000.110  000.110: require('plenary')
097.077  001.154  000.157: require('neo-tree.sources.filesystem.lib.fs_actions')
097.165  000.087  000.087: require('neo-tree.sources.common.help')
097.283  000.118  000.118: require('neo-tree.sources.common.preview')
097.359  000.075  000.075: require('neo-tree.sources.common.node_expander')
097.367  001.561  000.128: require('neo-tree.sources.common.commands')
097.455  000.086  000.086: require('neo-tree.sources.filesystem.lib.filter')
097.503  001.787  000.139: require('neo-tree.sources.filesystem.commands')
097.908  000.095  000.095: require('neo-tree.sources.git_status.components')
097.996  000.087  000.087: require('neo-tree.sources.git_status.commands')
098.263  000.079  000.079: require('neo-tree.sources.buffers.components')
098.349  000.083  000.083: require('neo-tree.sources.buffers.commands')
100.283  000.100  000.100: require('gitsigns.async')
100.382  000.097  000.097: require('gitsigns.debug.log')
100.561  000.178  000.178: require('gitsigns.config')
100.564  000.855  000.479: require('gitsigns')
100.896  000.145  000.145: require('gitsigns.highlight')
101.249  000.088  000.088: require('gitsigns.debounce')
101.382  000.022  000.022: sourcing /Users/juandavidduquea/.local/share/nvim/lazy/nvim-colorizer.lua/plugin/colorizer.vim
101.996  000.181  000.181: require('colorizer/nvim')
102.170  000.172  000.172: require('colorizer/trie')
102.258  000.865  000.512: require('colorizer')
103.230  000.039  000.039: sourcing /Users/juandavidduquea/.local/share/nvim/lazy/vim-bbye/plugin/bbye.vim
103.768  000.096  000.096: require('bufferline.lazy')
103.884  000.111  000.111: require('bufferline.commands')
104.068  000.169  000.169: require('bufferline.config')
104.076  000.825  000.450: require('bufferline')
104.381  000.117  000.117: require('bufferline.utils')
104.382  000.279  000.162: require('bufferline.groups')
104.489  000.092  000.092: require('bufferline.constants')
104.571  000.079  000.079: require('bufferline.colors')
104.871  000.104  000.104: require('bufferline.highlights')
105.926  000.636  000.636: require('bufferline.hover')
106.385  000.432  000.432: require('bufferline.ui')
107.707  000.275  000.275: require('lualine_require')
108.095  001.229  000.953: require('lualine')
111.300  000.129  000.129: require('lualine.utils.mode')
112.427  000.388  000.388: require('ufo')
112.691  000.067  000.067: require('ufo.lib.disposable')
112.791  000.099  000.099: require('ufo.lib.log')
112.792  000.237  000.072: require('ufo.lib.event')
112.870  000.077  000.077: require('ufo.utils')
113.087  000.065  000.065: require('promise-async.utils')
113.155  000.068  000.068: require('promise-async.error')
113.228  000.070  000.070: require('promise-async.loop')
113.232  000.291  000.088: require('promise')
113.233  000.362  000.071: require('ufo.provider')
113.415  000.108  000.108: require('ufo.config')
113.553  000.069  000.069: require('promise-async.compat')
113.555  000.139  000.070: require('async')
113.763  000.067  000.067: require('ufo.model.buffer')
113.834  000.071  000.071: require('ufo.model.foldedline')
113.997  000.078  000.078: require('ufo.highlight')
114.059  000.061  000.061: require('ufo.render.extmark')
114.206  000.076  000.076: require('vim.treesitter.highlighter')
114.207  000.147  000.071: require('ufo.render.treesitter')
114.271  000.064  000.064: require('ufo.render.match')
114.274  000.439  000.089: require('ufo.render')
114.277  000.651  000.075: require('ufo.model.foldbuffer')
114.341  000.063  000.063: require('ufo.bufmanager')
114.481  000.072  000.072: require('ufo.wffi')
114.482  000.140  000.068: require('ufo.fold.driver')
114.484  000.928  000.073: require('ufo.fold.manager')
114.552  000.066  000.066: require('ufo.lib.debounce')
114.557  001.323  000.083: require('ufo.fold')
114.695  000.064  000.064: require('ufo.model.window')
114.699  000.142  000.078: require('ufo.decorator')
114.847  000.071  000.071: require('ufo.preview.floatwin')
114.915  000.067  000.067: require('ufo.preview.scrollbar')
114.986  000.070  000.070: require('ufo.preview.winbar')
115.053  000.067  000.067: require('ufo.preview.keymap')
115.057  000.357  000.081: require('ufo.preview')
115.059  002.590  000.092: require('ufo.main')
115.410  000.047  000.047: sourcing /opt/homebrew/Cellar/neovim/0.10.3/share/nvim/runtime/plugin/editorconfig.lua
115.537  000.088  000.088: sourcing /opt/homebrew/Cellar/neovim/0.10.3/share/nvim/runtime/plugin/gzip.vim
115.622  000.044  000.044: sourcing /opt/homebrew/Cellar/neovim/0.10.3/share/nvim/runtime/plugin/man.lua
116.373  000.117  000.117: sourcing /opt/homebrew/Cellar/neovim/0.10.3/share/nvim/runtime/pack/dist/opt/matchit/plugin/matchit.vim
116.382  000.721  000.605: sourcing /opt/homebrew/Cellar/neovim/0.10.3/share/nvim/runtime/plugin/matchit.vim
116.494  000.072  000.072: sourcing /opt/homebrew/Cellar/neovim/0.10.3/share/nvim/runtime/plugin/matchparen.vim
116.680  000.149  000.149: sourcing /opt/homebrew/Cellar/neovim/0.10.3/share/nvim/runtime/plugin/netrwPlugin.vim
116.759  000.036  000.036: sourcing /opt/homebrew/Cellar/neovim/0.10.3/share/nvim/runtime/plugin/osc52.lua
116.926  000.085  000.085: sourcing /opt/homebrew/Cellar/neovim/0.10.3/share/nvim/runtime/plugin/rplugin.vim
116.996  000.029  000.029: sourcing /opt/homebrew/Cellar/neovim/0.10.3/share/nvim/runtime/plugin/shada.vim
117.046  000.009  000.009: sourcing /opt/homebrew/Cellar/neovim/0.10.3/share/nvim/runtime/plugin/spellfile.vim
117.128  000.040  000.040: sourcing /opt/homebrew/Cellar/neovim/0.10.3/share/nvim/runtime/plugin/tarPlugin.vim
117.205  000.037  000.037: sourcing /opt/homebrew/Cellar/neovim/0.10.3/share/nvim/runtime/plugin/tohtml.lua
117.257  000.008  000.008: sourcing /opt/homebrew/Cellar/neovim/0.10.3/share/nvim/runtime/plugin/tutor.vim
117.358  000.060  000.060: sourcing /opt/homebrew/Cellar/neovim/0.10.3/share/nvim/runtime/plugin/zipPlugin.vim
117.529  000.043  000.043: sourcing /Users/juandavidduquea/.local/share/nvim/lazy/indent-blankline.nvim/after/plugin/commands.lua
117.720  000.094  000.094: require('cmp_path')
117.738  000.141  000.047: sourcing /Users/juandavidduquea/.local/share/nvim/lazy/cmp-path/after/plugin/cmp_path.lua
118.111  000.064  000.064: require('cmp_buffer.timer')
118.113  000.141  000.077: require('cmp_buffer.buffer')
118.115  000.217  000.076: require('cmp_buffer.source')
118.116  000.286  000.068: require('cmp_buffer')
118.134  000.333  000.048: sourcing /Users/juandavidduquea/.local/share/nvim/lazy/cmp-buffer/after/plugin/cmp_buffer.lua
118.244  000.044  000.044: sourcing /Users/juandavidduquea/.local/share/nvim/lazy/cmp-nvim-lsp/after/plugin/cmp_nvim_lsp.lua
118.409  000.072  000.072: require('cmp_luasnip')
118.423  000.116  000.044: sourcing /Users/juandavidduquea/.local/share/nvim/lazy/cmp_luasnip/after/plugin/cmp_luasnip.lua
118.465  114.415  039.368: sourcing /Users/juandavidduquea/.config/nvim/init.lua
118.473  000.537: sourcing vimrc file(s)
118.932  000.035  000.035: sourcing /opt/homebrew/Cellar/neovim/0.10.3/share/nvim/runtime/filetype.lua
119.186  000.033  000.033: sourcing /opt/homebrew/Cellar/neovim/0.10.3/share/nvim/runtime/syntax/synload.vim
119.223  000.210  000.177: sourcing /opt/homebrew/Cellar/neovim/0.10.3/share/nvim/runtime/syntax/syntax.vim
119.227  000.510: inits 3
120.798  001.571: reading ShaDa
120.982  000.109  000.109: require('luasnip.loaders.from_lua')
121.072  000.088  000.088: require('luasnip.loaders.from_snipmate')
121.394  000.399: opening buffers
121.543  000.072  000.072: require('bufferline.state')
121.573  000.107: BufEnter autocommands
121.574  000.001: editing files in windows
121.725  000.019  000.019: sourcing /Users/juandavidduquea/.local/share/nvim/lazy/todo-comments.nvim/plugin/todo.vim
122.287  000.066  000.066: require('todo-comments.util')
122.291  000.154  000.087: require('todo-comments.config')
122.429  000.076  000.076: require('todo-comments.highlight')
122.431  000.139  000.064: require('todo-comments.jump')
122.432  000.668  000.375: require('todo-comments')
123.392  000.116  000.116: sourcing /Users/juandavidduquea/.local/share/nvim/lazy/telescope.nvim/plugin/telescope.lua
123.890  000.080  000.080: require('telescope._extensions')
123.892  000.489  000.410: require('telescope')
124.216  000.078  000.078: require('plenary.strings')
124.291  000.075  000.075: require('telescope.deprecated')
124.565  000.122  000.122: require('plenary.log')
124.600  000.225  000.103: require('telescope.log')
124.756  000.067  000.067: require('telescope.state')
124.770  000.169  000.102: require('telescope.utils')
124.773  000.481  000.086: require('telescope.sorters')
125.867  001.839  001.206: require('telescope.config')
126.053  000.099  000.099: require('plenary.window.border')
126.116  000.062  000.062: require('plenary.window')
126.176  000.059  000.059: require('plenary.popup.utils')
126.177  000.309  000.089: require('plenary.popup')
126.248  000.070  000.070: require('telescope.pickers.scroller')
126.315  000.066  000.066: require('telescope.actions.state')
126.383  000.067  000.067: require('telescope.actions.utils')
126.525  000.069  000.069: require('telescope.actions.mt')
126.531  000.147  000.078: require('telescope.actions.set')
126.668  000.070  000.070: require('telescope.config.resolve')
126.669  000.138  000.068: require('telescope.pickers.entry_display')
126.735  000.066  000.066: require('telescope.from_entry')
126.869  002.976  000.275: require('telescope.actions')
126.943  000.072  000.072: require('telescope.themes')
127.933  000.434  000.434: require('fzf_lib')
127.935  000.513  000.079: require('telescope._extensions.fzf')
128.022  000.074  000.074: require('telescope._extensions.ui-select')
128.206  000.071  000.071: require('telescope.debounce')
128.296  000.088  000.088: require('telescope.mappings')
128.366  000.070  000.070: require('telescope.pickers.highlights')
128.433  000.066  000.066: require('telescope.pickers.window')
128.572  000.069  000.069: require('telescope.algos.linked_list')
128.574  000.140  000.071: require('telescope.entry_manager')
128.648  000.073  000.073: require('telescope.pickers.multi')
128.654  000.630  000.122: require('telescope.pickers')
128.843  000.115  000.115: require('telescope.make_entry')
128.911  000.067  000.067: require('telescope.finders.async_static_finder')
129.115  000.062  000.062: require('plenary.class')
129.151  000.173  000.111: require('telescope._')
129.152  000.241  000.068: require('telescope.finders.async_oneshot_finder')
129.220  000.067  000.067: require('telescope.finders.async_job_finder')
129.222  000.567  000.078: require('telescope.finders')
129.292  000.063  000.063: require('vim.ui')
129.409  000.113  000.113: require('telescope.builtin')
129.759  000.040  000.040: sourcing /Users/juandavidduquea/.local/share/nvim/lazy/dashboard-nvim/plugin/dashboard.lua
130.213  000.081  000.081: require('dashboard.utils')
130.215  000.445  000.364: require('dashboard')
130.435  000.082  000.082: require('noice.config.views')
130.567  000.069  000.069: require('noice.ui.msg')
130.568  000.132  000.063: require('noice.config.status')
130.639  000.070  000.070: require('noice.config.format')
130.701  000.061  000.061: require('noice.config.icons')
130.792  000.067  000.067: require('noice.config.preset')
130.866  000.064  000.064: require('noice.config.cmdline')
130.936  000.069  000.069: require('noice.config.highlights')
131.046  000.065  000.065: require('noice.config.routes')
131.419  000.069  000.069: require('noice.lsp')
131.515  000.095  000.095: require('vim.lsp.buf')
131.594  000.077  000.077: require('noice.lsp.signature')
131.662  000.062  000.062: require('noice.lsp.message')
131.732  000.068  000.068: require('noice.lsp.progress')
131.869  000.122  000.122: require('noice.commands')
131.969  000.070  000.070: require('noice.message.router')
132.049  000.078  000.078: require('noice.view')
132.136  000.064  000.064: require('noice.view.backend.popup')
132.213  000.076  000.076: require('noice.view.nui')
132.293  000.074  000.074: require('noice.util.nui')
133.458  000.099  000.099: require('noice.view.backend.split')
133.583  000.085  000.085: require('noice.view.backend.virtualtext')
133.670  000.074  000.074: require('noice.view.backend.snacks')
133.747  000.072  000.072: require('noice.view.backend.notify')
134.016  000.061  000.061: require('notify.util.queue')
134.017  000.130  000.070: require('notify.util')
134.100  000.082  000.082: require('notify.config.highlights')
134.102  000.286  000.074: require('notify.config')
134.228  000.060  000.060: require('notify.stages')
134.292  000.063  000.063: require('notify.service.notification')
134.483  000.059  000.059: require('notify.animate.spring')
134.484  000.120  000.061: require('notify.animate')
134.486  000.194  000.074: require('notify.windows')
134.681  000.064  000.064: require('notify.service.buffer.highlights')
134.683  000.131  000.067: require('notify.service.buffer')
134.684  000.197  000.066: require('notify.service')
134.747  000.063  000.063: require('notify.stages.util')
134.751  000.648  000.073: require('notify.instance')
134.753  001.003  000.068: require('notify')
135.034  000.069  000.069: require('noice.view.backend.mini')
135.242  000.064  000.064: require('noice.source.notify')
135.315  000.072  000.072: require('noice.util.hacks')
135.428  000.075  000.075: require('noice.ui')
135.640  000.071  000.071: require('noice.text.block')
135.742  000.066  000.066: require('noice.message.filter')
135.743  000.242  000.104: require('noice.message')
135.750  000.317  000.076: require('noice.ui.cmdline')
135.818  000.067  000.067: require('noice.ui.popupmenu')
135.961  004.136: VimEnter autocommands
139.743  000.591  000.591: require('dashboard.theme.hyper')
139.883  003.331: UIEnter autocommands
140.241  000.174  000.174: sourcing /opt/homebrew/Cellar/neovim/0.10.3/share/nvim/runtime/autoload/provider/clipboard.vim
140.244  000.186: before starting main loop
140.447  000.088  000.088: require('noice.message.manager')
140.520  000.070  000.070: require('noice.ui.state')
140.606  000.070  000.070: require('noice.util.stats')
140.694  000.072  000.072: require('noice.text.highlight')
140.775  000.070  000.070: require('noice.util.ffi')
140.863  000.249: first screen update
140.864  000.001: --- NVIM STARTED ---

